This is pdfTeX, Version 3.141592653-2.6-1.40.29 (TeX Live 2026) (preloaded format=pdflatex 2026.4.24)  24 APR 2026 12:47
entering extended mode
 restricted \write18 enabled.
 %&-line parsing enabled.
**plantillaMasterIA.tex
(./plantillaMasterIA.tex
LaTeX2e <2025-11-01>
L3 programming layer <2026-01-19>
(/usr/local/texlive/2026basic/texmf-dist/tex/latex/beamer/beamer.cls
Document Class: beamer 2026/01/22 v3.77 A class for typesetting presentations
(/usr/local/texlive/2026basic/texmf-dist/tex/latex/beamer/beamerbasemodes.sty
(/usr/local/texlive/2026basic/texmf-dist/tex/latex/etoolbox/etoolbox.sty
Package: etoolbox 2025/10/02 v2.5m e-TeX tools for LaTeX (JAW)
\etb@tempcnta=\count275
)
\beamer@tempbox=\box53
\beamer@tempcount=\count276
\c@beamerpauses=\count277

(/usr/local/texlive/2026basic/texmf-dist/tex/latex/beamer/beamerbasedecode.sty
\beamer@slideinframe=\count278
\beamer@minimum=\count279
\beamer@decode@box=\box54
)
\beamer@commentbox=\box55
\beamer@modecount=\count280
) (/usr/local/texlive/2026basic/texmf-dist/tex/generic/iftex/iftex.sty
Package: iftex 2024/12/12 v1.0g TeX engine tests
)
\headdp=\dimen148
\footheight=\dimen149
\sidebarheight=\dimen150
\beamer@tempdim=\dimen151
\beamer@finalheight=\dimen152
\beamer@animht=\dimen153
\beamer@animdp=\dimen154
\beamer@animwd=\dimen155
\beamer@leftmargin=\dimen156
\beamer@rightmargin=\dimen157
\beamer@leftsidebar=\dimen158
\beamer@rightsidebar=\dimen159
\beamer@boxsize=\dimen160
\beamer@vboxoffset=\dimen161
\beamer@descdefault=\dimen162
\beamer@descriptionwidth=\dimen163
\beamer@lastskip=\skip49
\beamer@areabox=\box56
\beamer@animcurrent=\box57
\beamer@animshowbox=\box58
\beamer@sectionbox=\box59
\beamer@logobox=\box60
\beamer@linebox=\box61
\beamer@sectioncount=\count281
\beamer@subsubsectionmax=\count282
\beamer@subsectionmax=\count283
\beamer@sectionmax=\count284
\beamer@totalheads=\count285
\beamer@headcounter=\count286
\beamer@partstartpage=\count287
\beamer@sectionstartpage=\count288
\beamer@subsectionstartpage=\count289
\beamer@animationtempa=\count290
\beamer@animationtempb=\count291
\beamer@xpos=\count292
\beamer@ypos=\count293
\beamer@ypos@offset=\count294
\beamer@showpartnumber=\count295
\beamer@currentsubsection=\count296
\beamer@coveringdepth=\count297
\beamer@sectionadjust=\count298
\beamer@toclastsection=\count299
\beamer@tocsectionnumber=\count300

(/usr/local/texlive/2026basic/texmf-dist/tex/latex/beamer/beamerbaseoptions.sty
(/usr/local/texlive/2026basic/texmf-dist/tex/latex/graphics/keyval.sty
Package: keyval 2022/05/29 v1.15 key=value parser (DPC)
\KV@toks@=\toks17
))
\beamer@paperwidth=\skip50
\beamer@paperheight=\skip51

(/usr/local/texlive/2026basic/texmf-dist/tex/latex/geometry/geometry.sty
Package: geometry 2020/01/02 v5.9 Page Geometry

(/usr/local/texlive/2026basic/texmf-dist/tex/generic/iftex/ifvtex.sty
Package: ifvtex 2019/10/25 v1.7 ifvtex legacy package. Use iftex instead.
)
\Gm@cnth=\count301
\Gm@cntv=\count302
\c@Gm@tempcnt=\count303
\Gm@bindingoffset=\dimen164
\Gm@wd@mp=\dimen165
\Gm@odd@mp=\dimen166
\Gm@even@mp=\dimen167
\Gm@layoutwidth=\dimen168
\Gm@layoutheight=\dimen169
\Gm@layouthoffset=\dimen170
\Gm@layoutvoffset=\dimen171
\Gm@dimlist=\toks18
)
(/usr/local/texlive/2026basic/texmf-dist/tex/latex/pgf/math/pgfmath.sty
(/usr/local/texlive/2026basic/texmf-dist/tex/latex/pgf/utilities/pgfrcs.sty
(/usr/local/texlive/2026basic/texmf-dist/tex/generic/pgf/utilities/pgfutil-comm
on.tex
\pgfutil@everybye=\toks19
\pgfutil@tempdima=\dimen172
\pgfutil@tempdimb=\dimen173
)
(/usr/local/texlive/2026basic/texmf-dist/tex/generic/pgf/utilities/pgfutil-late
x.def
\pgfutil@abb=\box62
)
(/usr/local/texlive/2026basic/texmf-dist/tex/generic/pgf/utilities/pgfrcs.code.
tex (/usr/local/texlive/2026basic/texmf-dist/tex/generic/pgf/pgf.revision.tex)
Package: pgfrcs 2025-08-29 v3.1.11a (3.1.11a)
)) (/usr/local/texlive/2026basic/texmf-dist/tex/latex/pgf/utilities/pgfkeys.sty

(/usr/local/texlive/2026basic/texmf-dist/tex/generic/pgf/utilities/pgfkeys.code
.tex
\pgfkeys@pathtoks=\toks20
\pgfkeys@temptoks=\toks21

(/usr/local/texlive/2026basic/texmf-dist/tex/generic/pgf/utilities/pgfkeyslibra
ryfiltered.code.tex
\pgfkeys@tmptoks=\toks22
)))
(/usr/local/texlive/2026basic/texmf-dist/tex/generic/pgf/math/pgfmath.code.tex
(/usr/local/texlive/2026basic/texmf-dist/tex/generic/pgf/math/pgfmathutil.code.
tex
\pgf@x=\dimen174
\pgf@xa=\dimen175
\pgf@xb=\dimen176
\pgf@xc=\dimen177
\pgf@y=\dimen178
\pgf@ya=\dimen179
\pgf@yb=\dimen180
\pgf@yc=\dimen181
\c@pgf@counta=\count304
\c@pgf@countb=\count305
\c@pgf@countc=\count306
\c@pgf@countd=\count307
)
(/usr/local/texlive/2026basic/texmf-dist/tex/generic/pgf/math/pgfmathparser.cod
e.tex
\pgfmath@dimen=\dimen182
\pgfmath@count=\count308
\pgfmath@box=\box63
\pgfmath@toks=\toks23
\pgfmath@stack@operand=\toks24
\pgfmath@stack@operation=\toks25
)
(/usr/local/texlive/2026basic/texmf-dist/tex/generic/pgf/math/pgfmathfunctions.
code.tex)
(/usr/local/texlive/2026basic/texmf-dist/tex/generic/pgf/math/pgfmathfunctions.
basic.code.tex)
(/usr/local/texlive/2026basic/texmf-dist/tex/generic/pgf/math/pgfmathfunctions.
trigonometric.code.tex)
(/usr/local/texlive/2026basic/texmf-dist/tex/generic/pgf/math/pgfmathfunctions.
random.code.tex)
(/usr/local/texlive/2026basic/texmf-dist/tex/generic/pgf/math/pgfmathfunctions.
comparison.code.tex)
(/usr/local/texlive/2026basic/texmf-dist/tex/generic/pgf/math/pgfmathfunctions.
base.code.tex)
(/usr/local/texlive/2026basic/texmf-dist/tex/generic/pgf/math/pgfmathfunctions.
round.code.tex)
(/usr/local/texlive/2026basic/texmf-dist/tex/generic/pgf/math/pgfmathfunctions.
misc.code.tex)
(/usr/local/texlive/2026basic/texmf-dist/tex/generic/pgf/math/pgfmathfunctions.
integerarithmetics.code.tex)
(/usr/local/texlive/2026basic/texmf-dist/tex/generic/pgf/math/pgfmathcalc.code.
tex)
(/usr/local/texlive/2026basic/texmf-dist/tex/generic/pgf/math/pgfmathfloat.code
.tex
\c@pgfmathroundto@lastzeros=\count309
))) (/usr/local/texlive/2026basic/texmf-dist/tex/latex/base/size10.clo
File: size10.clo 2025/01/22 v1.4n Standard LaTeX file (size option)
)
(/usr/local/texlive/2026basic/texmf-dist/tex/latex/pgf/basiclayer/pgfcore.sty
(/usr/local/texlive/2026basic/texmf-dist/tex/latex/graphics/graphicx.sty
Package: graphicx 2024/12/31 v1.2e Enhanced LaTeX Graphics (DPC,SPQR)

(/usr/local/texlive/2026basic/texmf-dist/tex/latex/graphics/graphics.sty
Package: graphics 2024/08/06 v1.4g Standard LaTeX Graphics (DPC,SPQR)

(/usr/local/texlive/2026basic/texmf-dist/tex/latex/graphics/trig.sty
Package: trig 2023/12/02 v1.11 sin cos tan (DPC)
)
(/usr/local/texlive/2026basic/texmf-dist/tex/latex/graphics-cfg/graphics.cfg
File: graphics.cfg 2016/06/04 v1.11 sample graphics configuration
)
Package graphics Info: Driver file: pdftex.def on input line 106.

(/usr/local/texlive/2026basic/texmf-dist/tex/latex/graphics-def/pdftex.def
File: pdftex.def 2025/09/29 v1.2d Graphics/color driver for pdftex
))
\Gin@req@height=\dimen183
\Gin@req@width=\dimen184
)
(/usr/local/texlive/2026basic/texmf-dist/tex/latex/pgf/systemlayer/pgfsys.sty
(/usr/local/texlive/2026basic/texmf-dist/tex/generic/pgf/systemlayer/pgfsys.cod
e.tex
Package: pgfsys 2025-08-29 v3.1.11a (3.1.11a)
\pgf@x=\dimen185
\pgf@y=\dimen186
\pgf@xa=\dimen187
\pgf@ya=\dimen188
\pgf@xb=\dimen189
\pgf@yb=\dimen190
\pgf@xc=\dimen191
\pgf@yc=\dimen192
\pgf@xd=\dimen193
\pgf@yd=\dimen194
\w@pgf@writea=\write3
\r@pgf@reada=\read2
\c@pgf@counta=\count310
\c@pgf@countb=\count311
\c@pgf@countc=\count312
\c@pgf@countd=\count313
\t@pgf@toka=\toks26
\t@pgf@tokb=\toks27
\t@pgf@tokc=\toks28
\pgf@sys@id@count=\count314

(/usr/local/texlive/2026basic/texmf-dist/tex/generic/pgf/systemlayer/pgf.cfg
File: pgf.cfg 2025-08-29 v3.1.11a (3.1.11a)
)
Driver file for pgf: pgfsys-pdftex.def

(/usr/local/texlive/2026basic/texmf-dist/tex/generic/pgf/systemlayer/pgfsys-pdf
tex.def
File: pgfsys-pdftex.def 2025-08-29 v3.1.11a (3.1.11a)

(/usr/local/texlive/2026basic/texmf-dist/tex/generic/pgf/systemlayer/pgfsys-com
mon-pdf.def
File: pgfsys-common-pdf.def 2025-08-29 v3.1.11a (3.1.11a)
)))
(/usr/local/texlive/2026basic/texmf-dist/tex/generic/pgf/systemlayer/pgfsyssoft
path.code.tex
File: pgfsyssoftpath.code.tex 2025-08-29 v3.1.11a (3.1.11a)
\pgfsyssoftpath@smallbuffer@items=\count315
\pgfsyssoftpath@bigbuffer@items=\count316
)
(/usr/local/texlive/2026basic/texmf-dist/tex/generic/pgf/systemlayer/pgfsysprot
ocol.code.tex
File: pgfsysprotocol.code.tex 2025-08-29 v3.1.11a (3.1.11a)
))
(/usr/local/texlive/2026basic/texmf-dist/tex/latex/xcolor/xcolor.sty
Package: xcolor 2024/09/29 v3.02 LaTeX color extensions (UK)

(/usr/local/texlive/2026basic/texmf-dist/tex/latex/graphics-cfg/color.cfg
File: color.cfg 2016/01/02 v1.6 sample color configuration
)
Package xcolor Info: Driver file: pdftex.def on input line 274.

(/usr/local/texlive/2026basic/texmf-dist/tex/latex/graphics/mathcolor.ltx)
Package xcolor Info: Model `cmy' substituted by `cmy0' on input line 1349.
Package xcolor Info: Model `hsb' substituted by `rgb' on input line 1353.
Package xcolor Info: Model `RGB' extended on input line 1365.
Package xcolor Info: Model `HTML' substituted by `rgb' on input line 1367.
Package xcolor Info: Model `Hsb' substituted by `hsb' on input line 1368.
Package xcolor Info: Model `tHsb' substituted by `hsb' on input line 1369.
Package xcolor Info: Model `HSB' substituted by `hsb' on input line 1370.
Package xcolor Info: Model `Gray' substituted by `gray' on input line 1371.
Package xcolor Info: Model `wave' substituted by `hsb' on input line 1372.
)
(/usr/local/texlive/2026basic/texmf-dist/tex/generic/pgf/basiclayer/pgfcore.cod
e.tex
Package: pgfcore 2025-08-29 v3.1.11a (3.1.11a)

(/usr/local/texlive/2026basic/texmf-dist/tex/generic/pgf/math/pgfint.code.tex)
(/usr/local/texlive/2026basic/texmf-dist/tex/generic/pgf/basiclayer/pgfcorepoin
ts.code.tex
File: pgfcorepoints.code.tex 2025-08-29 v3.1.11a (3.1.11a)
\pgf@picminx=\dimen195
\pgf@picmaxx=\dimen196
\pgf@picminy=\dimen197
\pgf@picmaxy=\dimen198
\pgf@pathminx=\dimen199
\pgf@pathmaxx=\dimen256
\pgf@pathminy=\dimen257
\pgf@pathmaxy=\dimen258
\pgf@xx=\dimen259
\pgf@xy=\dimen260
\pgf@yx=\dimen261
\pgf@yy=\dimen262
\pgf@zx=\dimen263
\pgf@zy=\dimen264
)
(/usr/local/texlive/2026basic/texmf-dist/tex/generic/pgf/basiclayer/pgfcorepath
construct.code.tex
File: pgfcorepathconstruct.code.tex 2025-08-29 v3.1.11a (3.1.11a)
\pgf@path@lastx=\dimen265
\pgf@path@lasty=\dimen266
)
(/usr/local/texlive/2026basic/texmf-dist/tex/generic/pgf/basiclayer/pgfcorepath
usage.code.tex
File: pgfcorepathusage.code.tex 2025-08-29 v3.1.11a (3.1.11a)
\pgf@shorten@end@additional=\dimen267
\pgf@shorten@start@additional=\dimen268
)
(/usr/local/texlive/2026basic/texmf-dist/tex/generic/pgf/basiclayer/pgfcorescop
es.code.tex
File: pgfcorescopes.code.tex 2025-08-29 v3.1.11a (3.1.11a)
\pgfpic=\box64
\pgf@hbox=\box65
\pgf@layerbox@main=\box66
\pgf@picture@serial@count=\count317
)
(/usr/local/texlive/2026basic/texmf-dist/tex/generic/pgf/basiclayer/pgfcoregrap
hicstate.code.tex
File: pgfcoregraphicstate.code.tex 2025-08-29 v3.1.11a (3.1.11a)
\pgflinewidth=\dimen269
)
(/usr/local/texlive/2026basic/texmf-dist/tex/generic/pgf/basiclayer/pgfcoretran
sformations.code.tex
File: pgfcoretransformations.code.tex 2025-08-29 v3.1.11a (3.1.11a)
\pgf@pt@x=\dimen270
\pgf@pt@y=\dimen271
\pgf@pt@temp=\dimen272
)
(/usr/local/texlive/2026basic/texmf-dist/tex/generic/pgf/basiclayer/pgfcorequic
k.code.tex
File: pgfcorequick.code.tex 2025-08-29 v3.1.11a (3.1.11a)
)
(/usr/local/texlive/2026basic/texmf-dist/tex/generic/pgf/basiclayer/pgfcoreobje
cts.code.tex
File: pgfcoreobjects.code.tex 2025-08-29 v3.1.11a (3.1.11a)
)
(/usr/local/texlive/2026basic/texmf-dist/tex/generic/pgf/basiclayer/pgfcorepath
processing.code.tex
File: pgfcorepathprocessing.code.tex 2025-08-29 v3.1.11a (3.1.11a)
)
(/usr/local/texlive/2026basic/texmf-dist/tex/generic/pgf/basiclayer/pgfcorearro
ws.code.tex
File: pgfcorearrows.code.tex 2025-08-29 v3.1.11a (3.1.11a)
\pgfarrowsep=\dimen273
)
(/usr/local/texlive/2026basic/texmf-dist/tex/generic/pgf/basiclayer/pgfcoreshad
e.code.tex
File: pgfcoreshade.code.tex 2025-08-29 v3.1.11a (3.1.11a)
\pgf@max=\dimen274
\pgf@sys@shading@range@num=\count318
\pgf@shadingcount=\count319
)
(/usr/local/texlive/2026basic/texmf-dist/tex/generic/pgf/basiclayer/pgfcoreimag
e.code.tex
File: pgfcoreimage.code.tex 2025-08-29 v3.1.11a (3.1.11a)
)
(/usr/local/texlive/2026basic/texmf-dist/tex/generic/pgf/basiclayer/pgfcoreexte
rnal.code.tex
File: pgfcoreexternal.code.tex 2025-08-29 v3.1.11a (3.1.11a)
\pgfexternal@startupbox=\box67
)
(/usr/local/texlive/2026basic/texmf-dist/tex/generic/pgf/basiclayer/pgfcorelaye
rs.code.tex
File: pgfcorelayers.code.tex 2025-08-29 v3.1.11a (3.1.11a)
)
(/usr/local/texlive/2026basic/texmf-dist/tex/generic/pgf/basiclayer/pgfcoretran
sparency.code.tex
File: pgfcoretransparency.code.tex 2025-08-29 v3.1.11a (3.1.11a)
)
(/usr/local/texlive/2026basic/texmf-dist/tex/generic/pgf/basiclayer/pgfcorepatt
erns.code.tex
File: pgfcorepatterns.code.tex 2025-08-29 v3.1.11a (3.1.11a)
)
(/usr/local/texlive/2026basic/texmf-dist/tex/generic/pgf/basiclayer/pgfcorerdf.
code.tex
File: pgfcorerdf.code.tex 2025-08-29 v3.1.11a (3.1.11a)
)))
(/usr/local/texlive/2026basic/texmf-dist/tex/latex/pgf/utilities/xxcolor.sty
Package: xxcolor 2003/10/24 ver 0.1
\XC@nummixins=\count320
\XC@countmixins=\count321
)
(/usr/local/texlive/2026basic/texmf-dist/tex/latex/base/atbegshi-ltx.sty
Package: atbegshi-ltx 2021/01/10 v1.0c Emulation of the original atbegshi
package with kernel methods
)
(/usr/local/texlive/2026basic/texmf-dist/tex/latex/hyperref/hyperref.sty
Package: hyperref 2026-01-29 v7.01p Hypertext links for LaTeX

(/usr/local/texlive/2026basic/texmf-dist/tex/latex/kvsetkeys/kvsetkeys.sty
Package: kvsetkeys 2022-10-05 v1.19 Key value parser (HO)
)
(/usr/local/texlive/2026basic/texmf-dist/tex/generic/kvdefinekeys/kvdefinekeys.
sty
Package: kvdefinekeys 2019-12-19 v1.6 Define keys (HO)
)
(/usr/local/texlive/2026basic/texmf-dist/tex/generic/pdfescape/pdfescape.sty
Package: pdfescape 2019/12/09 v1.15 Implements pdfTeX's escape features (HO)

(/usr/local/texlive/2026basic/texmf-dist/tex/generic/ltxcmds/ltxcmds.sty
Package: ltxcmds 2023-12-04 v1.26 LaTeX kernel commands for general use (HO)
)
(/usr/local/texlive/2026basic/texmf-dist/tex/generic/pdftexcmds/pdftexcmds.sty
Package: pdftexcmds 2020-06-27 v0.33 Utility functions of pdfTeX for LuaTeX (HO
)

(/usr/local/texlive/2026basic/texmf-dist/tex/generic/infwarerr/infwarerr.sty
Package: infwarerr 2019/12/03 v1.5 Providing info/warning/error messages (HO)
)
Package pdftexcmds Info: \pdf@primitive is available.
Package pdftexcmds Info: \pdf@ifprimitive is available.
Package pdftexcmds Info: \pdfdraftmode found.
)) (/usr/local/texlive/2026basic/texmf-dist/tex/latex/hycolor/hycolor.sty
Package: hycolor 2020-01-27 v1.10 Color options for hyperref/bookmark (HO)
)
(/usr/local/texlive/2026basic/texmf-dist/tex/latex/hyperref/nameref.sty
Package: nameref 2026-01-29 v2.58 Cross-referencing by name of section

(/usr/local/texlive/2026basic/texmf-dist/tex/latex/refcount/refcount.sty
Package: refcount 2019/12/15 v3.6 Data extraction from label references (HO)
)
(/usr/local/texlive/2026basic/texmf-dist/tex/generic/gettitlestring/gettitlestr
ing.sty
Package: gettitlestring 2019/12/15 v1.6 Cleanup title references (HO)

(/usr/local/texlive/2026basic/texmf-dist/tex/latex/kvoptions/kvoptions.sty
Package: kvoptions 2022-06-15 v3.15 Key value format for package options (HO)
))
\c@section@level=\count322
)
(/usr/local/texlive/2026basic/texmf-dist/tex/generic/stringenc/stringenc.sty
Package: stringenc 2019/11/29 v1.12 Convert strings between diff. encodings (HO
)
)
\@linkdim=\dimen275
\Hy@linkcounter=\count323
\Hy@pagecounter=\count324

(/usr/local/texlive/2026basic/texmf-dist/tex/latex/hyperref/pd1enc.def
File: pd1enc.def 2026-01-29 v7.01p Hyperref: PDFDocEncoding definition (HO)
Now handling font encoding PD1 ...
... no UTF-8 mapping file for font encoding PD1
)
(/usr/local/texlive/2026basic/texmf-dist/tex/generic/intcalc/intcalc.sty
Package: intcalc 2019/12/15 v1.3 Expandable calculations with integers (HO)
)
\Hy@SavedSpaceFactor=\count325

(/usr/local/texlive/2026basic/texmf-dist/tex/latex/hyperref/puenc.def
File: puenc.def 2026-01-29 v7.01p Hyperref: PDF Unicode definition (HO)
Now handling font encoding PU ...
... no UTF-8 mapping file for font encoding PU
)
Package hyperref Info: Option `bookmarks' set `true' on input line 4072.
Package hyperref Info: Option `bookmarksopen' set `true' on input line 4072.
Package hyperref Info: Option `implicit' set `false' on input line 4072.
Package hyperref Info: Hyper figures OFF on input line 4201.
Package hyperref Info: Link nesting OFF on input line 4206.
Package hyperref Info: Hyper index ON on input line 4209.
Package hyperref Info: Plain pages OFF on input line 4216.
Package hyperref Info: Backreferencing OFF on input line 4221.
Package hyperref Info: Implicit mode OFF; no redefinition of LaTeX internals.
Package hyperref Info: Bookmarks ON on input line 4468.
\c@Hy@tempcnt=\count326

(/usr/local/texlive/2026basic/texmf-dist/tex/latex/url/url.sty
\Urlmuskip=\muskip17
Package: url 2013/09/16  ver 3.4  Verb mode for urls, etc.
)
LaTeX Info: Redefining \url on input line 4807.
\XeTeXLinkMargin=\dimen276

(/usr/local/texlive/2026basic/texmf-dist/tex/generic/bitset/bitset.sty
Package: bitset 2019/12/09 v1.3 Handle bit-vector datatype (HO)

(/usr/local/texlive/2026basic/texmf-dist/tex/generic/bigintcalc/bigintcalc.sty
Package: bigintcalc 2019/12/15 v1.5 Expandable calculations on big integers (HO
)
))
\Fld@menulength=\count327
\Field@Width=\dimen277
\Fld@charsize=\dimen278
Package hyperref Info: Hyper figures OFF on input line 6084.
Package hyperref Info: Link nesting OFF on input line 6089.
Package hyperref Info: Hyper index ON on input line 6092.
Package hyperref Info: backreferencing OFF on input line 6099.
Package hyperref Info: Link coloring OFF on input line 6104.
Package hyperref Info: Link coloring with OCG OFF on input line 6109.
Package hyperref Info: PDF/A mode OFF on input line 6114.
\Hy@abspage=\count328


Package hyperref Message: Stopped early.

)
Package hyperref Info: Driver (autodetected): hpdftex.
 (/usr/local/texlive/2026basic/texmf-dist/tex/latex/hyperref/hpdftex.def
File: hpdftex.def 2026-01-29 v7.01p Hyperref driver for pdfTeX
\Fld@listcount=\count329
\c@bookmark@seq@number=\count330

(/usr/local/texlive/2026basic/texmf-dist/tex/latex/rerunfilecheck/rerunfilechec
k.sty
Package: rerunfilecheck 2025-06-21 v1.11 Rerun checks for auxiliary files (HO)

(/usr/local/texlive/2026basic/texmf-dist/tex/generic/uniquecounter/uniquecounte
r.sty
Package: uniquecounter 2019/12/15 v1.4 Provide unlimited unique counter (HO)
)
Package uniquecounter Info: New unique counter `rerunfilecheck' on input line 2
84.
))
(/usr/local/texlive/2026basic/texmf-dist/tex/latex/beamer/beamerbaserequires.st
y
(/usr/local/texlive/2026basic/texmf-dist/tex/latex/beamer/beamerbasecompatibili
ty.sty)
(/usr/local/texlive/2026basic/texmf-dist/tex/latex/beamer/beamerbasefont.sty
(/usr/local/texlive/2026basic/texmf-dist/tex/latex/amsfonts/amssymb.sty
Package: amssymb 2013/01/14 v3.01 AMS font symbols

(/usr/local/texlive/2026basic/texmf-dist/tex/latex/amsfonts/amsfonts.sty
Package: amsfonts 2013/01/14 v3.01 Basic AMSFonts support
\@emptytoks=\toks29
\symAMSa=\mathgroup4
\symAMSb=\mathgroup5
LaTeX Font Info:    Redeclaring math symbol \hbar on input line 98.
LaTeX Font Info:    Overwriting math alphabet `\mathfrak' in version `bold'
(Font)                  U/euf/m/n --> U/euf/b/n on input line 106.
)))
(/usr/local/texlive/2026basic/texmf-dist/tex/latex/beamer/beamerbasetranslator.
sty
(/usr/local/texlive/2026basic/texmf-dist/tex/latex/translator/translator.sty
Package: translator 2021-05-31 v1.12d Easy translation of strings in LaTeX
))
(/usr/local/texlive/2026basic/texmf-dist/tex/latex/beamer/beamerbasemisc.sty)
(/usr/local/texlive/2026basic/texmf-dist/tex/latex/beamer/beamerbasetwoscreens.
sty)
(/usr/local/texlive/2026basic/texmf-dist/tex/latex/beamer/beamerbaseoverlay.sty
\beamer@argscount=\count331
\beamer@lastskipcover=\skip52
\beamer@trivlistdepth=\count332
) (/usr/local/texlive/2026basic/texmf-dist/tex/latex/beamer/beamerbasetitle.sty
)
(/usr/local/texlive/2026basic/texmf-dist/tex/latex/beamer/beamerbasesection.sty
\c@lecture=\count333
\c@part=\count334
\c@section=\count335
\c@subsection=\count336
\c@subsubsection=\count337
) (/usr/local/texlive/2026basic/texmf-dist/tex/latex/beamer/beamerbaseframe.sty
\beamer@framebox=\box68
\beamer@frametitlebox=\box69
\beamer@zoombox=\box70
\beamer@zoomcount=\count338
\beamer@zoomframecount=\count339
\beamer@frametextheight=\dimen279
\c@subsectionslide=\count340
\beamer@frametopskip=\skip53
\beamer@framebottomskip=\skip54
\beamer@frametopskipautobreak=\skip55
\beamer@framebottomskipautobreak=\skip56
\beamer@envbody=\toks30
\framewidth=\dimen280
\c@framenumber=\count341
)
(/usr/local/texlive/2026basic/texmf-dist/tex/latex/beamer/beamerbaseverbatim.st
y
\beamer@verbatimfileout=\write4
)
(/usr/local/texlive/2026basic/texmf-dist/tex/latex/beamer/beamerbaseframesize.s
ty
\beamer@splitbox=\box71
\beamer@autobreakcount=\count342
\beamer@autobreaklastheight=\dimen281
\beamer@frametitletoks=\toks31
\beamer@framesubtitletoks=\toks32
)
(/usr/local/texlive/2026basic/texmf-dist/tex/latex/beamer/beamerbaseframecompon
ents.sty
\beamer@colheight=\skip57
\beamer@footins=\box72
)
(/usr/local/texlive/2026basic/texmf-dist/tex/latex/beamer/beamerbasecolor.sty)
(/usr/local/texlive/2026basic/texmf-dist/tex/latex/beamer/beamerbasenotes.sty
\beamer@frameboxcopy=\box73
)
(/usr/local/texlive/2026basic/texmf-dist/tex/latex/beamer/beamerbasetoc.sty)
(/usr/local/texlive/2026basic/texmf-dist/tex/latex/beamer/beamerbasetemplates.s
ty
\beamer@sbttoks=\toks33

(/usr/local/texlive/2026basic/texmf-dist/tex/latex/beamer/beamerbaseauxtemplate
s.sty
(/usr/local/texlive/2026basic/texmf-dist/tex/latex/beamer/beamerbaseboxes.sty
\bmb@box=\box74
\bmb@colorbox=\box75
\bmb@boxwidth=\dimen282
\bmb@boxheight=\dimen283
\bmb@prevheight=\dimen284
\bmb@temp=\dimen285
\bmb@dima=\dimen286
\bmb@dimb=\dimen287
\bmb@prevheight=\dimen288
)
\beamer@blockheadheight=\dimen289
))
(/usr/local/texlive/2026basic/texmf-dist/tex/latex/beamer/beamerbaselocalstruct
ure.sty (/usr/local/texlive/2026basic/texmf-dist/tex/latex/tools/enumerate.sty
Package: enumerate 2023/07/04 v3.00 enumerate extensions (DPC)
\@enLab=\toks34
)
\beamer@bibiconwidth=\skip58
\c@figure=\count343
\c@table=\count344
\abovecaptionskip=\skip59
\belowcaptionskip=\skip60
)
(/usr/local/texlive/2026basic/texmf-dist/tex/latex/beamer/beamerbasenavigation.
sty
(/usr/local/texlive/2026basic/texmf-dist/tex/latex/beamer/beamerbasenavigations
ymbols.tex)
\beamer@section@min@dim=\dimen290
)
(/usr/local/texlive/2026basic/texmf-dist/tex/latex/beamer/beamerbasetheorems.st
y (/usr/local/texlive/2026basic/texmf-dist/tex/latex/amsmath/amsmath.sty
Package: amsmath 2025/07/09 v2.17z AMS math features
\@mathmargin=\skip61

For additional information on amsmath, use the `?' option.
(/usr/local/texlive/2026basic/texmf-dist/tex/latex/amsmath/amstext.sty
Package: amstext 2024/11/17 v2.01 AMS text

(/usr/local/texlive/2026basic/texmf-dist/tex/latex/amsmath/amsgen.sty
File: amsgen.sty 1999/11/30 v2.0 generic functions
\@emptytoks=\toks35
\ex@=\dimen291
))
(/usr/local/texlive/2026basic/texmf-dist/tex/latex/amsmath/amsbsy.sty
Package: amsbsy 1999/11/29 v1.2d Bold Symbols
\pmbraise@=\dimen292
)
(/usr/local/texlive/2026basic/texmf-dist/tex/latex/amsmath/amsopn.sty
Package: amsopn 2022/04/08 v2.04 operator names
)
\inf@bad=\count345
LaTeX Info: Redefining \frac on input line 233.
\uproot@=\count346
\leftroot@=\count347
LaTeX Info: Redefining \overline on input line 398.
LaTeX Info: Redefining \colon on input line 409.
\classnum@=\count348
\DOTSCASE@=\count349
LaTeX Info: Redefining \ldots on input line 495.
LaTeX Info: Redefining \dots on input line 498.
LaTeX Info: Redefining \cdots on input line 619.
\Mathstrutbox@=\box76
\strutbox@=\box77
LaTeX Info: Redefining \big on input line 721.
LaTeX Info: Redefining \Big on input line 722.
LaTeX Info: Redefining \bigg on input line 723.
LaTeX Info: Redefining \Bigg on input line 724.
\big@size=\dimen293
LaTeX Font Info:    Redeclaring font encoding OML on input line 742.
LaTeX Font Info:    Redeclaring font encoding OMS on input line 743.
\macc@depth=\count350
LaTeX Info: Redefining \bmod on input line 904.
LaTeX Info: Redefining \pmod on input line 909.
LaTeX Info: Redefining \smash on input line 939.
LaTeX Info: Redefining \relbar on input line 969.
LaTeX Info: Redefining \Relbar on input line 970.
\c@MaxMatrixCols=\count351
\dotsspace@=\muskip18
\c@parentequation=\count352
\dspbrk@lvl=\count353
\tag@help=\toks36
\row@=\count354
\column@=\count355
\maxfields@=\count356
\andhelp@=\toks37
\eqnshift@=\dimen294
\alignsep@=\dimen295
\tagshift@=\dimen296
\tagwidth@=\dimen297
\totwidth@=\dimen298
\lineht@=\dimen299
\@envbody=\toks38
\multlinegap=\skip62
\multlinetaggap=\skip63
\mathdisplay@stack=\toks39
LaTeX Info: Redefining \[ on input line 2950.
LaTeX Info: Redefining \] on input line 2951.
)
(/usr/local/texlive/2026basic/texmf-dist/tex/latex/amscls/amsthm.sty
Package: amsthm 2020/05/29 v2.20.6
\thm@style=\toks40
\thm@bodyfont=\toks41
\thm@headfont=\toks42
\thm@notefont=\toks43
\thm@headpunct=\toks44
\thm@preskip=\skip64
\thm@postskip=\skip65
\thm@headsep=\skip66
\dth@everypar=\toks45
)
\c@theorem=\count357
)
(/usr/local/texlive/2026basic/texmf-dist/tex/latex/beamer/beamerbasethemes.sty)
)
(/usr/local/texlive/2026basic/texmf-dist/tex/latex/beamer/beamerthemedefault.st
y
(/usr/local/texlive/2026basic/texmf-dist/tex/latex/beamer/beamerfontthemedefaul
t.sty)
(/usr/local/texlive/2026basic/texmf-dist/tex/latex/beamer/beamercolorthemedefau
lt.sty)
(/usr/local/texlive/2026basic/texmf-dist/tex/latex/beamer/beamerinnerthemedefau
lt.sty
\beamer@dima=\dimen300
\beamer@dimb=\dimen301
)
(/usr/local/texlive/2026basic/texmf-dist/tex/latex/beamer/beamerouterthemedefau
lt.sty))) (./plantillaMasterIA.sty
(/usr/local/texlive/2026basic/texmf-dist/tex/generic/babel/babel.sty
Package: babel 2026/02/14 v26.3 The multilingual framework for LuaLaTeX, pdfLaT
eX and XeLaTeX
\babel@savecnt=\count358
LaTeX Encoding Info:    Redeclaring text command \ij (encoding OT1) on input li
ne 2078.
LaTeX Encoding Info:    Redeclaring text command \IJ (encoding OT1) on input li
ne 2080.
LaTeX Encoding Info:    Redeclaring text command \ij (encoding T1) on input lin
e 2082.
LaTeX Encoding Info:    Redeclaring text command \IJ (encoding T1) on input lin
e 2083.
LaTeX Encoding Info:    Ignoring declaration for text command \ij (encoding ?) 
on input line 2084.
LaTeX Encoding Info:    Ignoring declaration for text command \IJ (encoding ?) 
on input line 2086.
LaTeX Encoding Info:    Ignoring declaration for text command \SS (encoding ?) 
on input line 2111.
\U@D=\dimen302
\l@unhyphenated=\language23

(/usr/local/texlive/2026basic/texmf-dist/tex/generic/babel/txtbabel.def)
\bbl@readstream=\read3
LaTeX Info: Redefining \textlatin on input line 3974.
\bbl@dirlevel=\count359

(/usr/local/texlive/2026basic/texmf-dist/tex/generic/babel/locale/es/babel-span
ish.tex)
(/usr/local/texlive/2026basic/texmf-dist/tex/generic/babel/locale/en/babel-engl
ish.tex)
Package babel Info: Importing font and identification data for spanish
(babel)             from babel-es.ini. Reported on input line 4330.

(/usr/local/texlive/2026basic/texmf-dist/tex/generic/babel-spanish/spanish.ldf
Language: spanish.ldf 2021/05/27 v5.0q Spanish support from the babel system
\es@quottoks=\toks46
\es@quotdepth=\count360
Package babel Info: Making " an active character on input line 570.
Package babel Info: Making . an active character on input line 675.
Package babel Info: Making < an active character on input line 722.
Package babel Info: Making > an active character on input line 722.
)
Package babel Info: Importing font and identification data for english
(babel)             from babel-en.ini. Reported on input line 4330.
(/usr/local/texlive/2026basic/texmf-dist/tex/generic/babel-english/english.ldf
Language: english 2017/06/06 v3.3r English support from the babel system
Package babel Info: Hyphen rules for 'canadian' set to \l@english
(babel)             (\language0). Reported on input line 102.
Package babel Info: Hyphen rules for 'australian' set to \l@ukenglish
(babel)             (\language7). Reported on input line 105.
Package babel Info: Hyphen rules for 'newzealand' set to \l@ukenglish
(babel)             (\language7). Reported on input line 108.
)) (/usr/local/texlive/2026basic/texmf-dist/tex/latex/base/inputenc.sty
Package: inputenc 2024/02/08 v1.3d Input encoding file
\inpenc@prehook=\toks47
\inpenc@posthook=\toks48
)
(/usr/local/texlive/2026basic/texmf-dist/tex/latex/lm/lmodern.sty
Package: lmodern 2015/05/01 v1.6.1 Latin Modern Fonts
LaTeX Font Info:    Overwriting symbol font `operators' in version `normal'
(Font)                  OT1/cmr/m/n --> OT1/lmr/m/n on input line 22.
LaTeX Font Info:    Overwriting symbol font `letters' in version `normal'
(Font)                  OML/cmm/m/it --> OML/lmm/m/it on input line 23.
LaTeX Font Info:    Overwriting symbol font `symbols' in version `normal'
(Font)                  OMS/cmsy/m/n --> OMS/lmsy/m/n on input line 24.
LaTeX Font Info:    Overwriting symbol font `largesymbols' in version `normal'
(Font)                  OMX/cmex/m/n --> OMX/lmex/m/n on input line 25.
LaTeX Font Info:    Overwriting symbol font `operators' in version `bold'
(Font)                  OT1/cmr/bx/n --> OT1/lmr/bx/n on input line 26.
LaTeX Font Info:    Overwriting symbol font `letters' in version `bold'
(Font)                  OML/cmm/b/it --> OML/lmm/b/it on input line 27.
LaTeX Font Info:    Overwriting symbol font `symbols' in version `bold'
(Font)                  OMS/cmsy/b/n --> OMS/lmsy/b/n on input line 28.
LaTeX Font Info:    Overwriting symbol font `largesymbols' in version `bold'
(Font)                  OMX/cmex/m/n --> OMX/lmex/m/n on input line 29.
LaTeX Font Info:    Overwriting math alphabet `\mathbf' in version `normal'
(Font)                  OT1/cmr/bx/n --> OT1/lmr/bx/n on input line 31.
LaTeX Font Info:    Overwriting math alphabet `\mathsf' in version `normal'
(Font)                  OT1/cmss/m/n --> OT1/lmss/m/n on input line 32.
LaTeX Font Info:    Overwriting math alphabet `\mathit' in version `normal'
(Font)                  OT1/cmr/m/it --> OT1/lmr/m/it on input line 33.
LaTeX Font Info:    Overwriting math alphabet `\mathtt' in version `normal'
(Font)                  OT1/cmtt/m/n --> OT1/lmtt/m/n on input line 34.
LaTeX Font Info:    Overwriting math alphabet `\mathbf' in version `bold'
(Font)                  OT1/cmr/bx/n --> OT1/lmr/bx/n on input line 35.
LaTeX Font Info:    Overwriting math alphabet `\mathsf' in version `bold'
(Font)                  OT1/cmss/bx/n --> OT1/lmss/bx/n on input line 36.
LaTeX Font Info:    Overwriting math alphabet `\mathit' in version `bold'
(Font)                  OT1/cmr/bx/it --> OT1/lmr/bx/it on input line 37.
LaTeX Font Info:    Overwriting math alphabet `\mathtt' in version `bold'
(Font)                  OT1/cmtt/m/n --> OT1/lmtt/m/n on input line 38.
)
(/usr/local/texlive/2026basic/texmf-dist/tex/latex/mathtools/mathtools.sty
Package: mathtools 2024/10/04 v1.31 mathematical typesetting tools

(/usr/local/texlive/2026basic/texmf-dist/tex/latex/tools/calc.sty
Package: calc 2025/03/01 v4.3b Infix arithmetic (KKT,FJ)
\calc@Acount=\count361
\calc@Bcount=\count362
\calc@Adimen=\dimen303
\calc@Bdimen=\dimen304
\calc@Askip=\skip67
\calc@Bskip=\skip68
LaTeX Info: Redefining \setlength on input line 86.
LaTeX Info: Redefining \addtolength on input line 87.
\calc@Ccount=\count363
\calc@Cskip=\skip69
)
(/usr/local/texlive/2026basic/texmf-dist/tex/latex/mathtools/mhsetup.sty
Package: mhsetup 2021/03/18 v1.4 programming setup (MH)
)
\g_MT_multlinerow_int=\count364
\l_MT_multwidth_dim=\dimen305
\origjot=\skip70
\l_MT_shortvdotswithinadjustabove_dim=\dimen306
\l_MT_shortvdotswithinadjustbelow_dim=\dimen307
\l_MT_above_intertext_sep=\dimen308
\l_MT_below_intertext_sep=\dimen309
\l_MT_above_shortintertext_sep=\dimen310
\l_MT_below_shortintertext_sep=\dimen311
\xmathstrut@box=\box78
\xmathstrut@dim=\dimen312
)
(/usr/local/texlive/2026basic/texmf-dist/tex/latex/tools/multicol.sty
Package: multicol 2025/10/21 v2.0b multicolumn formatting (FMi)
\c@tracingmulticols=\count365
\mult@box=\box79
\multicol@leftmargin=\dimen313
\c@unbalance=\count366
\c@collectmore=\count367
\doublecol@number=\count368
\multicoltolerance=\count369
\multicolpretolerance=\count370
\full@width=\dimen314
\page@free=\dimen315
\premulticols=\dimen316
\postmulticols=\dimen317
\multicolsep=\skip71
\multicolbaselineskip=\skip72
\partial@page=\box80
\last@line=\box81
\mc@boxedresult=\box82
\maxbalancingoverflow=\dimen318
\mult@rightbox=\box83
\mult@grightbox=\box84
\mult@firstbox=\box85
\mult@gfirstbox=\box86
\@tempa=\box87
\@tempa=\box88
\@tempa=\box89
\@tempa=\box90
\@tempa=\box91
\@tempa=\box92
\@tempa=\box93
\@tempa=\box94
\@tempa=\box95
\@tempa=\box96
\@tempa=\box97
\@tempa=\box98
\@tempa=\box99
\@tempa=\box100
\@tempa=\box101
\@tempa=\box102
\@tempa=\box103
\@tempa=\box104
\@tempa=\box105
\@tempa=\box106
\@tempa=\box107
\@tempa=\box108
\@tempa=\box109
\@tempa=\box110
\@tempa=\box111
\@tempa=\box112
\@tempa=\box113
\@tempa=\box114
\@tempa=\box115
\@tempa=\box116
\@tempa=\box117
\@tempa=\box118
\@tempa=\box119
\@tempa=\box120
\@tempa=\box121
\@tempa=\box122
\c@minrows=\count371
\c@columnbadness=\count372
\c@finalcolumnbadness=\count373
\last@try=\dimen319
\multicolovershoot=\dimen320
\multicolundershoot=\dimen321
\mult@nat@firstbox=\box123
\colbreak@box=\box124
\mc@col@check@num=\count374
\g__mc_curr_col_int=\count375
)
(/usr/local/texlive/2026basic/texmf-dist/tex/latex/multirow/multirow.sty
Package: multirow 2024/11/12 v2.9 Span multiple rows of a table
\multirow@colwidth=\skip73
\multirow@cntb=\count376
\multirow@dima=\skip74
\bigstrutjot=\dimen322
)
(/usr/local/texlive/2026basic/texmf-dist/tex/latex/tools/tabularx.sty
Package: tabularx 2023/12/11 v2.12a `tabularx' package (DPC)

(/usr/local/texlive/2026basic/texmf-dist/tex/latex/tools/array.sty
Package: array 2025/09/25 v2.6n Tabular extension package (FMi)
\col@sep=\dimen323
\ar@mcellbox=\box125
\extrarowheight=\dimen324
\NC@list=\toks49
\extratabsurround=\skip75
\backup@length=\skip76
\ar@cellbox=\box126
)
\TX@col@width=\dimen325
\TX@old@table=\dimen326
\TX@old@col=\dimen327
\TX@target=\dimen328
\TX@delta=\dimen329
\TX@cols=\count377
\TX@ftn=\toks50
)
(/usr/local/texlive/2026basic/texmf-dist/tex/latex/colortbl/colortbl.sty
Package: colortbl 2024/10/29 v1.0k Color table columns (DPC)
\everycr=\toks51
\minrowclearance=\skip77
\rownum=\count378
)
(/usr/local/texlive/2026basic/texmf-dist/tex/latex/tools/hhline.sty
Package: hhline 2020/01/04 v2.04 Table rule package (DPC)
)
(/usr/local/texlive/2026basic/texmf-dist/tex/latex/pgf/frontendlayer/tikz.sty
(/usr/local/texlive/2026basic/texmf-dist/tex/latex/pgf/basiclayer/pgf.sty
Package: pgf 2025-08-29 v3.1.11a (3.1.11a)

(/usr/local/texlive/2026basic/texmf-dist/tex/generic/pgf/modules/pgfmoduleshape
s.code.tex
File: pgfmoduleshapes.code.tex 2025-08-29 v3.1.11a (3.1.11a)
\pgfnodeparttextbox=\box127
)
(/usr/local/texlive/2026basic/texmf-dist/tex/generic/pgf/modules/pgfmoduleplot.
code.tex
File: pgfmoduleplot.code.tex 2025-08-29 v3.1.11a (3.1.11a)
)
(/usr/local/texlive/2026basic/texmf-dist/tex/latex/pgf/compatibility/pgfcomp-ve
rsion-0-65.sty
Package: pgfcomp-version-0-65 2025-08-29 v3.1.11a (3.1.11a)
\pgf@nodesepstart=\dimen330
\pgf@nodesepend=\dimen331
)
(/usr/local/texlive/2026basic/texmf-dist/tex/latex/pgf/compatibility/pgfcomp-ve
rsion-1-18.sty
Package: pgfcomp-version-1-18 2025-08-29 v3.1.11a (3.1.11a)
))
(/usr/local/texlive/2026basic/texmf-dist/tex/latex/pgf/utilities/pgffor.sty
(/usr/local/texlive/2026basic/texmf-dist/tex/generic/pgf/utilities/pgffor.code.
tex
Package: pgffor 2025-08-29 v3.1.11a (3.1.11a)
\pgffor@iter=\dimen332
\pgffor@skip=\dimen333
\pgffor@stack=\toks52
\pgffor@toks=\toks53
))
(/usr/local/texlive/2026basic/texmf-dist/tex/generic/pgf/frontendlayer/tikz/tik
z.code.tex
Package: tikz 2025-08-29 v3.1.11a (3.1.11a)

(/usr/local/texlive/2026basic/texmf-dist/tex/generic/pgf/libraries/pgflibrarypl
othandlers.code.tex
File: pgflibraryplothandlers.code.tex 2025-08-29 v3.1.11a (3.1.11a)
\pgf@plot@mark@count=\count379
\pgfplotmarksize=\dimen334
)
\tikz@lastx=\dimen335
\tikz@lasty=\dimen336
\tikz@lastxsaved=\dimen337
\tikz@lastysaved=\dimen338
\tikz@lastmovetox=\dimen339
\tikz@lastmovetoy=\dimen340
\tikzleveldistance=\dimen341
\tikzsiblingdistance=\dimen342
\tikz@figbox=\box128
\tikz@figbox@bg=\box129
\tikz@tempbox=\box130
\tikz@tempbox@bg=\box131
\tikztreelevel=\count380
\tikznumberofchildren=\count381
\tikznumberofcurrentchild=\count382
\tikz@fig@count=\count383

(/usr/local/texlive/2026basic/texmf-dist/tex/generic/pgf/modules/pgfmodulematri
x.code.tex
File: pgfmodulematrix.code.tex 2025-08-29 v3.1.11a (3.1.11a)
\pgfmatrixcurrentrow=\count384
\pgfmatrixcurrentcolumn=\count385
\pgf@matrix@numberofcolumns=\count386
)
\tikz@expandcount=\count387

(/usr/local/texlive/2026basic/texmf-dist/tex/generic/pgf/frontendlayer/tikz/lib
raries/tikzlibrarytopaths.code.tex
File: tikzlibrarytopaths.code.tex 2025-08-29 v3.1.11a (3.1.11a)
)))
(/usr/local/texlive/2026basic/texmf-dist/tex/generic/pgf/frontendlayer/tikz/lib
raries/tikzlibrarycalc.code.tex
File: tikzlibrarycalc.code.tex 2025-08-29 v3.1.11a (3.1.11a)
)
(/usr/local/texlive/2026basic/texmf-dist/tex/generic/pgf/frontendlayer/tikz/lib
raries/tikzlibrarypatterns.code.tex
File: tikzlibrarypatterns.code.tex 2025-08-29 v3.1.11a (3.1.11a)

(/usr/local/texlive/2026basic/texmf-dist/tex/generic/pgf/libraries/pgflibrarypa
tterns.code.tex
File: pgflibrarypatterns.code.tex 2025-08-29 v3.1.11a (3.1.11a)
))
(/usr/local/texlive/2026basic/texmf-dist/tex/generic/pgf/frontendlayer/tikz/lib
raries/tikzlibrarysnakes.code.tex
File: tikzlibrarysnakes.code.tex 2025-08-29 v3.1.11a (3.1.11a)


Package pgf Warning: Snakes have been superseded by decorations. Please use the
 decoration libraries instead of the snakes library on input line 14.


(/usr/local/texlive/2026basic/texmf-dist/tex/generic/pgf/frontendlayer/tikz/lib
raries/tikzlibrarydecorations.pathmorphing.code.tex
(/usr/local/texlive/2026basic/texmf-dist/tex/generic/pgf/frontendlayer/tikz/lib
raries/tikzlibrarydecorations.code.tex
(/usr/local/texlive/2026basic/texmf-dist/tex/generic/pgf/modules/pgfmoduledecor
ations.code.tex
\pgfdecoratedcompleteddistance=\dimen343
\pgfdecoratedremainingdistance=\dimen344
\pgfdecoratedinputsegmentcompleteddistance=\dimen345
\pgfdecoratedinputsegmentremainingdistance=\dimen346
\pgf@decorate@distancetomove=\dimen347
\pgf@decorate@repeatstate=\count388
\pgfdecorationsegmentamplitude=\dimen348
\pgfdecorationsegmentlength=\dimen349
)
\tikz@lib@dec@box=\box132
)
(/usr/local/texlive/2026basic/texmf-dist/tex/generic/pgf/libraries/decorations/
pgflibrarydecorations.pathmorphing.code.tex))
(/usr/local/texlive/2026basic/texmf-dist/tex/generic/pgf/frontendlayer/tikz/lib
raries/tikzlibrarydecorations.pathreplacing.code.tex
(/usr/local/texlive/2026basic/texmf-dist/tex/generic/pgf/libraries/decorations/
pgflibrarydecorations.pathreplacing.code.tex))
(/usr/local/texlive/2026basic/texmf-dist/tex/generic/pgf/frontendlayer/tikz/lib
raries/tikzlibrarydecorations.shapes.code.tex
(/usr/local/texlive/2026basic/texmf-dist/tex/generic/pgf/libraries/decorations/
pgflibrarydecorations.shapes.code.tex)))
(/usr/local/texlive/2026basic/texmf-dist/tex/generic/pgf/frontendlayer/tikz/lib
raries/tikzlibraryarrows.code.tex
File: tikzlibraryarrows.code.tex 2025-08-29 v3.1.11a (3.1.11a)

(/usr/local/texlive/2026basic/texmf-dist/tex/generic/pgf/libraries/pgflibraryar
rows.code.tex
File: pgflibraryarrows.code.tex 2025-08-29 v3.1.11a (3.1.11a)
\arrowsize=\dimen350
))
(/usr/local/texlive/2026basic/texmf-dist/tex/latex/xurl/xurl.sty
Package: xurl 2022/01/09 v 0.10 modify URL breaks
)
Package hyperref Info: Option `colorlinks' set `true' on input line 44.

(/usr/local/texlive/2026basic/texmf-dist/tex/latex/natbib/natbib.sty
Package: natbib 2010/09/13 8.31b (PWD, AO)
\bibhang=\skip78
\bibsep=\skip79
LaTeX Info: Redefining \cite on input line 694.
\c@NAT@ctr=\count389
)
(/usr/local/texlive/2026basic/texmf-dist/tex/latex/algorithms/algorithm.sty
Package: algorithm 2009/08/24 v0.1 Document Style `algorithm' - floating enviro
nment

(/usr/local/texlive/2026basic/texmf-dist/tex/latex/float/float.sty
Package: float 2001/11/08 v1.3d Float enhancements (AL)
\c@float@type=\count390
\float@exts=\toks54
\float@box=\box133
\@float@everytoks=\toks55
\@floatcapt=\box134
)
(/usr/local/texlive/2026basic/texmf-dist/tex/latex/base/ifthen.sty
Package: ifthen 2024/03/16 v1.1e Standard LaTeX ifthen package (DPC)
)
\@float@every@algorithm=\toks56
\c@algorithm=\count391
)
(/usr/local/texlive/2026basic/texmf-dist/tex/latex/algorithms/algorithmic.sty
Package: algorithmic 2009/08/24 v0.1 Document Style `algorithmic'
\c@ALC@unique=\count392
\c@ALC@line=\count393
\c@ALC@rem=\count394
\c@ALC@depth=\count395
\ALC@tlm=\skip80
\algorithmicindent=\skip81
)) (/usr/local/texlive/2026basic/texmf-dist/tex/latex/booktabs/booktabs.sty
Package: booktabs 2020/01/12 v1.61803398 Publication quality tables
\heavyrulewidth=\dimen351
\lightrulewidth=\dimen352
\cmidrulewidth=\dimen353
\belowrulesep=\dimen354
\belowbottomsep=\dimen355
\aboverulesep=\dimen356
\abovetopsep=\dimen357
\cmidrulesep=\dimen358
\cmidrulekern=\dimen359
\defaultaddspace=\dimen360
\@cmidla=\count396
\@cmidlb=\count397
\@aboverulesep=\dimen361
\@belowrulesep=\dimen362
\@thisruleclass=\count398
\@lastruleclass=\count399
\@thisrulewidth=\dimen363
)

Package hyperref Warning: Token not allowed in a PDF string (Unicode):
(hyperref)                removing `\\' on input line 26.


Package hyperref Warning: Token not allowed in a PDF string (Unicode):
(hyperref)                removing `\\' on input line 26.


Package hyperref Warning: Token not allowed in a PDF string (Unicode):
(hyperref)                removing `\\' on input line 26.


Package hyperref Warning: Token not allowed in a PDF string (Unicode):
(hyperref)                removing `\\' on input line 26.


Package hyperref Warning: Token not allowed in a PDF string (Unicode):
(hyperref)                removing `\\' on input line 26.


Package hyperref Warning: Token not allowed in a PDF string (Unicode):
(hyperref)                removing `\\' on input line 26.

LaTeX Font Info:    Trying to load font information for OT1+lmss on input line 
39.
(/usr/local/texlive/2026basic/texmf-dist/tex/latex/lm/ot1lmss.fd
File: ot1lmss.fd 2015/05/01 v1.6.1 Font defs for Latin Modern
)
(/usr/local/texlive/2026basic/texmf-dist/tex/latex/l3backend/l3backend-pdftex.d
ef
File: l3backend-pdftex.def 2025-10-09 L3 backend support: PDF output (pdfTeX)
\l__color_backend_stack_int=\count400
) (./plantillaMasterIA.aux)
\openout1 = `plantillaMasterIA.aux'.

LaTeX Font Info:    Checking defaults for OML/cmm/m/it on input line 39.
LaTeX Font Info:    ... okay on input line 39.
LaTeX Font Info:    Checking defaults for OMS/cmsy/m/n on input line 39.
LaTeX Font Info:    ... okay on input line 39.
LaTeX Font Info:    Checking defaults for OT1/cmr/m/n on input line 39.
LaTeX Font Info:    ... okay on input line 39.
LaTeX Font Info:    Checking defaults for T1/cmr/m/n on input line 39.
LaTeX Font Info:    ... okay on input line 39.
LaTeX Font Info:    Checking defaults for TS1/cmr/m/n on input line 39.
LaTeX Font Info:    ... okay on input line 39.
LaTeX Font Info:    Checking defaults for OMX/cmex/m/n on input line 39.
LaTeX Font Info:    ... okay on input line 39.
LaTeX Font Info:    Checking defaults for U/cmr/m/n on input line 39.
LaTeX Font Info:    ... okay on input line 39.
LaTeX Font Info:    Checking defaults for PD1/pdf/m/n on input line 39.
LaTeX Font Info:    ... okay on input line 39.
LaTeX Font Info:    Checking defaults for PU/pdf/m/n on input line 39.
LaTeX Font Info:    ... okay on input line 39.

*geometry* driver: auto-detecting
*geometry* detected driver: pdftex
*geometry* verbose mode - [ preamble ] result:
* driver: pdftex
* paper: custom
* layout: <same size as paper>
* layoutoffset:(h,v)=(0.0pt,0.0pt)
* modes: includehead includefoot 
* h-part:(L,W,R)=(28.45274pt, 398.3386pt, 28.45274pt)
* v-part:(T,H,B)=(0.0pt, 256.0748pt, 0.0pt)
* \paperwidth=455.24408pt
* \paperheight=256.0748pt
* \textwidth=398.3386pt
* \textheight=227.62207pt
* \oddsidemargin=-43.81725pt
* \evensidemargin=-43.81725pt
* \topmargin=-72.26999pt
* \headheight=14.22636pt
* \headsep=0.0pt
* \topskip=10.0pt
* \footskip=14.22636pt
* \marginparwidth=3.0pt
* \marginparsep=11.0pt
* \columnsep=10.0pt
* \skip\footins=9.0pt plus 4.0pt minus 2.0pt
* \hoffset=0.0pt
* \voffset=0.0pt
* \mag=1000
* \@twocolumnfalse
* \@twosidefalse
* \@mparswitchfalse
* \@reversemarginfalse
* (1in=72.27pt=25.4mm, 1cm=28.453pt)

(/usr/local/texlive/2026basic/texmf-dist/tex/context/base/mkii/supp-pdf.mkii
[Loading MPS to PDF converter (version 2006.09.02).]
\scratchcounter=\count401
\scratchdimen=\dimen364
\scratchbox=\box135
\nofMPsegments=\count402
\nofMParguments=\count403
\everyMPshowfont=\toks57
\MPscratchCnt=\count404
\MPscratchDim=\dimen365
\MPnumerator=\count405
\makeMPintoPDFobject=\count406
\everyMPtoPDFconversion=\toks58
)
(/usr/local/texlive/2026basic/texmf-dist/tex/latex/epstopdf-pkg/epstopdf-base.s
ty
Package: epstopdf-base 2020-01-24 v2.11 Base part for package epstopdf
Package epstopdf-base Info: Redefining graphics rule for `.eps' on input line 4
85.

(/usr/local/texlive/2026basic/texmf-dist/tex/latex/latexconfig/epstopdf-sys.cfg
File: epstopdf-sys.cfg 2010/07/13 v1.3 Configuration of (r)epstopdf for TeX Liv
e
))
Package hyperref Info: Link coloring ON on input line 39.
 (./plantillaMasterIA.out) (./plantillaMasterIA.out)
\@outlinefile=\write5
\openout5 = `plantillaMasterIA.out'.

LaTeX Font Info:    Overwriting symbol font `operators' in version `normal'
(Font)                  OT1/lmr/m/n --> OT1/cmss/m/n on input line 39.
LaTeX Font Info:    Overwriting symbol font `operators' in version `bold'
(Font)                  OT1/lmr/bx/n --> OT1/cmss/b/n on input line 39.
LaTeX Font Info:    Overwriting symbol font `operators' in version `normal'
(Font)                  OT1/cmss/m/n --> OT1/lmss/m/n on input line 39.
LaTeX Font Info:    Overwriting symbol font `operators' in version `bold'
(Font)                  OT1/cmss/b/n --> OT1/lmss/b/n on input line 39.
\symnumbers=\mathgroup6
\sympureletters=\mathgroup7
LaTeX Font Info:    Overwriting math alphabet `\mathrm' in version `normal'
(Font)                  OT1/lmss/m/n --> OT1/lmr/m/n on input line 39.
LaTeX Font Info:    Redeclaring math alphabet \mathbf on input line 39.
LaTeX Font Info:    Overwriting math alphabet `\mathbf' in version `normal'
(Font)                  OT1/lmr/bx/n --> OT1/lmss/b/n on input line 39.
LaTeX Font Info:    Overwriting math alphabet `\mathbf' in version `bold'
(Font)                  OT1/lmr/bx/n --> OT1/lmss/b/n on input line 39.
LaTeX Font Info:    Redeclaring math alphabet \mathsf on input line 39.
LaTeX Font Info:    Overwriting math alphabet `\mathsf' in version `normal'
(Font)                  OT1/lmss/m/n --> OT1/lmss/m/n on input line 39.
LaTeX Font Info:    Overwriting math alphabet `\mathsf' in version `bold'
(Font)                  OT1/lmss/bx/n --> OT1/lmss/m/n on input line 39.
LaTeX Font Info:    Redeclaring math alphabet \mathit on input line 39.
LaTeX Font Info:    Overwriting math alphabet `\mathit' in version `normal'
(Font)                  OT1/lmr/m/it --> OT1/lmss/m/it on input line 39.
LaTeX Font Info:    Overwriting math alphabet `\mathit' in version `bold'
(Font)                  OT1/lmr/bx/it --> OT1/lmss/m/it on input line 39.
LaTeX Font Info:    Redeclaring math alphabet \mathtt on input line 39.
LaTeX Font Info:    Overwriting math alphabet `\mathtt' in version `normal'
(Font)                  OT1/lmtt/m/n --> OT1/lmtt/m/n on input line 39.
LaTeX Font Info:    Overwriting math alphabet `\mathtt' in version `bold'
(Font)                  OT1/lmtt/m/n --> OT1/lmtt/m/n on input line 39.
LaTeX Font Info:    Overwriting symbol font `numbers' in version `bold'
(Font)                  OT1/lmss/m/n --> OT1/lmss/b/n on input line 39.
LaTeX Font Info:    Overwriting symbol font `pureletters' in version `bold'
(Font)                  OT1/lmss/m/it --> OT1/lmss/b/it on input line 39.
LaTeX Font Info:    Overwriting math alphabet `\mathrm' in version `bold'
(Font)                  OT1/lmss/b/n --> OT1/lmr/b/n on input line 39.
LaTeX Font Info:    Overwriting math alphabet `\mathbf' in version `bold'
(Font)                  OT1/lmss/b/n --> OT1/lmss/b/n on input line 39.
LaTeX Font Info:    Overwriting math alphabet `\mathsf' in version `bold'
(Font)                  OT1/lmss/m/n --> OT1/lmss/b/n on input line 39.
LaTeX Font Info:    Overwriting math alphabet `\mathit' in version `bold'
(Font)                  OT1/lmss/m/it --> OT1/lmss/b/it on input line 39.
LaTeX Font Info:    Overwriting math alphabet `\mathtt' in version `bold'
(Font)                  OT1/lmtt/m/n --> OT1/lmtt/b/n on input line 39.

(/usr/local/texlive/2026basic/texmf-dist/tex/latex/translator/translator-basic-
dictionary-English.dict
Dictionary: translator-basic-dictionary, Language: English 
)
(/usr/local/texlive/2026basic/texmf-dist/tex/latex/translator/translator-biblio
graphy-dictionary-English.dict
Dictionary: translator-bibliography-dictionary, Language: English 
)
(/usr/local/texlive/2026basic/texmf-dist/tex/latex/translator/translator-enviro
nment-dictionary-English.dict
Dictionary: translator-environment-dictionary, Language: English 
)
(/usr/local/texlive/2026basic/texmf-dist/tex/latex/translator/translator-months
-dictionary-English.dict
Dictionary: translator-months-dictionary, Language: English 
)
(/usr/local/texlive/2026basic/texmf-dist/tex/latex/translator/translator-number
s-dictionary-English.dict
Dictionary: translator-numbers-dictionary, Language: English 
)
(/usr/local/texlive/2026basic/texmf-dist/tex/latex/translator/translator-theore
m-dictionary-English.dict
Dictionary: translator-theorem-dictionary, Language: English 
) (./plantillaMasterIA.nav)
Overfull \hbox (10.63489pt too wide) in paragraph at lines 39--39
|  []  \OT1/lmss/m/n/5 ([])  
 []


Overfull \hbox (10.63489pt too wide) in paragraph at lines 46--46
|  []  \OT1/lmss/m/n/5 ([])  
 []

\boxwidth=\skip82
\boxheight=\skip83
\shifttitle=\skip84
LaTeX Font Info:    Trying to load font information for OT1+lmr on input line 4
6.
(/usr/local/texlive/2026basic/texmf-dist/tex/latex/lm/ot1lmr.fd
File: ot1lmr.fd 2015/05/01 v1.6.1 Font defs for Latin Modern
)

LaTeX Font Warning: Font shape `OT1/lmss/m/sc' in size <7> not available
(Font)              Font shape `OT1/lmr/m/sc' tried instead on input line 46.

LaTeX Font Info:    Font shape `OT1/lmss/m/it' in size <7> not available
(Font)              Font shape `OT1/lmss/m/sl' tried instead on input line 46.

Underfull \hbox (badness 10000) in paragraph at lines 46--46

 []


Underfull \hbox (badness 10000) in paragraph at lines 46--46

 []


Underfull \hbox (badness 10000) in paragraph at lines 46--46

 []

LaTeX Font Info:    Trying to load font information for OML+lmm on input line 4
6.
(/usr/local/texlive/2026basic/texmf-dist/tex/latex/lm/omllmm.fd
File: omllmm.fd 2015/05/01 v1.6.1 Font defs for Latin Modern
)
LaTeX Font Info:    Trying to load font information for OMS+lmsy on input line 
46.

(/usr/local/texlive/2026basic/texmf-dist/tex/latex/lm/omslmsy.fd
File: omslmsy.fd 2015/05/01 v1.6.1 Font defs for Latin Modern
)
LaTeX Font Info:    Trying to load font information for OMX+lmex on input line 
46.

(/usr/local/texlive/2026basic/texmf-dist/tex/latex/lm/omxlmex.fd
File: omxlmex.fd 2015/05/01 v1.6.1 Font defs for Latin Modern
)
LaTeX Font Info:    External font `lmex10' loaded for size
(Font)              <10> on input line 46.
LaTeX Font Info:    External font `lmex10' loaded for size
(Font)              <7> on input line 46.
LaTeX Font Info:    External font `lmex10' loaded for size
(Font)              <5> on input line 46.
LaTeX Font Info:    Trying to load font information for U+msa on input line 46.


(/usr/local/texlive/2026basic/texmf-dist/tex/latex/amsfonts/umsa.fd
File: umsa.fd 2013/01/14 v3.01 AMS symbols A
)
LaTeX Font Info:    Trying to load font information for U+msb on input line 46.


(/usr/local/texlive/2026basic/texmf-dist/tex/latex/amsfonts/umsb.fd
File: umsb.fd 2013/01/14 v3.01 AMS symbols B
)
LaTeX Font Info:    Font shape `OT1/lmss/m/it' in size <10> not available
(Font)              Font shape `OT1/lmss/m/sl' tried instead on input line 46.
LaTeX Font Info:    Font shape `OT1/lmss/m/it' in size <5> not available
(Font)              Font shape `OT1/lmss/m/sl' tried instead on input line 46.
 [1

{/usr/local/texlive/2026basic/texmf-var/fonts/map/pdftex/updmap/pdftex.map}{/us
r/local/texlive/2026basic/texmf-dist/fonts/enc/dvips/lm/lm-rm.enc}{/usr/local/t
exlive/2026basic/texmf-dist/fonts/enc/dvips/lm/lm-rmsc.enc} <./images/UMUbackgr
ound.png> <./images/SelloUMU-negativo.png>]
Overfull \hbox (10.63489pt too wide) in paragraph at lines 60--60
|  []  \OT1/lmss/m/n/5 ([])  
 []


Underfull \hbox (badness 10000) in paragraph at lines 60--60
[]
 []


Overfull \hbox (12.80365pt too wide) in paragraph at lines 60--60
[] 
 []


Overfull \hbox (10.63489pt too wide) has occurred while \output is active
|  []  \OT1/lmss/m/n/5 ([])  
 []


Overfull \hbox (1.77084pt too wide) has occurred while \output is active
[] 
 []

[2

 <./images/Logo-MIA.png>] (./parte_victor.tex
Overfull \hbox (10.63489pt too wide) in paragraph at lines 25--25
|  []  \OT1/lmss/m/n/5 ([])  
 []


Underfull \hbox (badness 10000) in paragraph at lines 25--25
[]
 []


Overfull \hbox (12.80365pt too wide) in paragraph at lines 25--25
[] 
 []


Overfull \hbox (10.63489pt too wide) has occurred while \output is active
|  []  \OT1/lmss/m/n/5 ([])  
 []


Overfull \hbox (1.77084pt too wide) has occurred while \output is active
[] 
 []

[3

]
Overfull \hbox (10.63489pt too wide) in paragraph at lines 65--65
|  []  \OT1/lmss/m/n/5 ([])  
 []

LaTeX Font Info:    External font `lmex10' loaded for size
(Font)              <9> on input line 65.
LaTeX Font Info:    External font `lmex10' loaded for size
(Font)              <6> on input line 65.
LaTeX Font Info:    Font shape `OT1/lmss/m/it' in size <9> not available
(Font)              Font shape `OT1/lmss/m/sl' tried instead on input line 65.
LaTeX Font Info:    Font shape `OT1/lmss/m/it' in size <6> not available
(Font)              Font shape `OT1/lmss/m/sl' tried instead on input line 65.

Underfull \hbox (badness 10000) in paragraph at lines 65--65
[]
 []


Overfull \hbox (12.80365pt too wide) in paragraph at lines 65--65
[] 
 []


Overfull \hbox (10.63489pt too wide) has occurred while \output is active
|  []  \OT1/lmss/m/n/5 ([])  
 []


Overfull \hbox (1.77084pt too wide) has occurred while \output is active
[] 
 []

[4

]
Overfull \hbox (10.63489pt too wide) in paragraph at lines 96--96
|  []  \OT1/lmss/m/n/5 ([])  
 []


Underfull \hbox (badness 10000) in paragraph at lines 96--96
[]
 []


Overfull \hbox (12.80365pt too wide) in paragraph at lines 96--96
[] 
 []


Overfull \hbox (10.63489pt too wide) has occurred while \output is active
|  []  \OT1/lmss/m/n/5 ([])  
 []


Overfull \hbox (1.77084pt too wide) has occurred while \output is active
[] 
 []

[5

]
Overfull \hbox (10.63489pt too wide) in paragraph at lines 120--120
|  []  \OT1/lmss/m/n/5 ([])  
 []


Underfull \hbox (badness 10000) in paragraph at lines 120--120
[]
 []


Overfull \hbox (12.80365pt too wide) in paragraph at lines 120--120
[] 
 []


Overfull \hbox (10.63489pt too wide) has occurred while \output is active
|  []  \OT1/lmss/m/n/5 ([])  
 []


Overfull \hbox (1.77084pt too wide) has occurred while \output is active
[] 
 []

[6

{/usr/local/texlive/2026basic/texmf-dist/fonts/enc/dvips/lm/lm-mathsy.enc}]
Overfull \hbox (10.63489pt too wide) in paragraph at lines 135--135
|  []  \OT1/lmss/m/n/5 ([])  
 []


Underfull \hbox (badness 10000) in paragraph at lines 135--135
[]
 []


Overfull \hbox (12.80365pt too wide) in paragraph at lines 135--135
[] 
 []


Overfull \hbox (10.63489pt too wide) has occurred while \output is active
|  []  \OT1/lmss/m/n/5 ([])  
 []


Overfull \hbox (1.77084pt too wide) has occurred while \output is active
[] 
 []

[7

]) (./parteGuille.tex
Overfull \hbox (10.63489pt too wide) in paragraph at lines 27--27
|  []  \OT1/lmss/m/n/5 ([])  
 []


Underfull \hbox (badness 10000) in paragraph at lines 27--27
[]
 []


Overfull \hbox (12.80365pt too wide) in paragraph at lines 27--27
[] 
 []


Overfull \hbox (10.63489pt too wide) has occurred while \output is active
|  []  \OT1/lmss/m/n/5 ([])  
 []


Overfull \hbox (1.77084pt too wide) has occurred while \output is active
[] 
 []

[8

{/usr/local/texlive/2026basic/texmf-dist/fonts/enc/dvips/lm/lm-mathit.enc}]
Overfull \hbox (10.63489pt too wide) in paragraph at lines 50--50
|  []  \OT1/lmss/m/n/5 ([])  
 []

<images/ArquitecturaPentidef.png, id=90, 1861.7053pt x 1329.46687pt>
File: images/ArquitecturaPentidef.png Graphic file (type png)
<use images/ArquitecturaPentidef.png>
Package pdftex.def Info: images/ArquitecturaPentidef.png  used on input line 50
.
(pdftex.def)             Requested size: 199.1693pt x 142.22517pt.

Underfull \hbox (badness 10000) in paragraph at lines 50--50
[]
 []


Overfull \hbox (12.80365pt too wide) in paragraph at lines 50--50
[] 
 []


Overfull \hbox (10.63489pt too wide) has occurred while \output is active
|  []  \OT1/lmss/m/n/5 ([])  
 []


Overfull \hbox (1.77084pt too wide) has occurred while \output is active
[] 
 []

[9

 <./images/ArquitecturaPentidef.png>]
Overfull \hbox (10.63489pt too wide) in paragraph at lines 64--64
|  []  \OT1/lmss/m/n/5 ([])  
 []


Underfull \hbox (badness 10000) in paragraph at lines 64--64
[]
 []


Overfull \hbox (12.80365pt too wide) in paragraph at lines 64--64
[] 
 []


Overfull \hbox (10.63489pt too wide) has occurred while \output is active
|  []  \OT1/lmss/m/n/5 ([])  
 []


Overfull \hbox (1.77084pt too wide) has occurred while \output is active
[] 
 []

[10

]
Overfull \hbox (10.63489pt too wide) in paragraph at lines 78--78
|  []  \OT1/lmss/m/n/5 ([])  
 []

LaTeX Font Info:    External font `lmex10' loaded for size
(Font)              <12> on input line 78.
LaTeX Font Info:    External font `lmex10' loaded for size
(Font)              <8> on input line 78.
LaTeX Font Info:    Font shape `OT1/lmss/m/it' in size <12> not available
(Font)              Font shape `OT1/lmss/m/sl' tried instead on input line 78.
LaTeX Font Info:    Font shape `OT1/lmss/m/it' in size <8> not available
(Font)              Font shape `OT1/lmss/m/sl' tried instead on input line 78.

Underfull \hbox (badness 10000) in paragraph at lines 78--78
[]
 []


Overfull \hbox (12.80365pt too wide) in paragraph at lines 78--78
[] 
 []


Overfull \hbox (10.63489pt too wide) has occurred while \output is active
|  []  \OT1/lmss/m/n/5 ([])  
 []


Overfull \hbox (1.77084pt too wide) has occurred while \output is active
[] 
 []

[11

]
Overfull \hbox (10.63489pt too wide) in paragraph at lines 92--92
|  []  \OT1/lmss/m/n/5 ([])  
 []


Underfull \hbox (badness 10000) in paragraph at lines 92--92
[]
 []


Overfull \hbox (12.80365pt too wide) in paragraph at lines 92--92
[] 
 []


Overfull \hbox (10.63489pt too wide) has occurred while \output is active
|  []  \OT1/lmss/m/n/5 ([])  
 []


Overfull \hbox (1.77084pt too wide) has occurred while \output is active
[] 
 []

[12

]) (./parte_fran.tex
Overfull \hbox (10.63489pt too wide) in paragraph at lines 34--34
|  []  \OT1/lmss/m/n/5 ([])  
 []


Underfull \hbox (badness 10000) in paragraph at lines 34--34
[]
 []


Overfull \hbox (12.80365pt too wide) in paragraph at lines 34--34
[] 
 []


Overfull \hbox (10.63489pt too wide) has occurred while \output is active
|  []  \OT1/lmss/m/n/5 ([])  
 []


Overfull \hbox (1.77084pt too wide) has occurred while \output is active
[] 
 []

[13

]
Overfull \hbox (10.63489pt too wide) in paragraph at lines 56--56
|  []  \OT1/lmss/m/n/5 ([])  
 []


Underfull \hbox (badness 10000) in paragraph at lines 56--56
[]
 []


Overfull \hbox (12.80365pt too wide) in paragraph at lines 56--56
[] 
 []


Overfull \hbox (10.63489pt too wide) has occurred while \output is active
|  []  \OT1/lmss/m/n/5 ([])  
 []


Overfull \hbox (1.77084pt too wide) has occurred while \output is active
[] 
 []

[14

]
Overfull \hbox (10.63489pt too wide) in paragraph at lines 87--87
|  []  \OT1/lmss/m/n/5 ([])  
 []

LaTeX Font Info:    Trying to load font information for TS1+lmss on input line 
87.
(/usr/local/texlive/2026basic/texmf-dist/tex/latex/lm/ts1lmss.fd
File: ts1lmss.fd 2015/05/01 v1.6.1 Font defs for Latin Modern
)
Underfull \hbox (badness 10000) in paragraph at lines 87--87
[]
 []


Overfull \hbox (12.80365pt too wide) in paragraph at lines 87--87
[] 
 []


Overfull \hbox (10.63489pt too wide) has occurred while \output is active
|  []  \OT1/lmss/m/n/5 ([])  
 []


Overfull \hbox (1.77084pt too wide) has occurred while \output is active
[] 
 []

[15

{/usr/local/texlive/2026basic/texmf-dist/fonts/enc/dvips/lm/lm-ts1.enc}]
Overfull \hbox (10.63489pt too wide) in paragraph at lines 114--114
|  []  \OT1/lmss/m/n/5 ([])  
 []


Underfull \hbox (badness 10000) in paragraph at lines 114--114
[]
 []


Overfull \hbox (12.80365pt too wide) in paragraph at lines 114--114
[] 
 []


Overfull \hbox (10.63489pt too wide) has occurred while \output is active
|  []  \OT1/lmss/m/n/5 ([])  
 []


Overfull \hbox (1.77084pt too wide) has occurred while \output is active
[] 
 []

[16

]
Overfull \hbox (10.63489pt too wide) in paragraph at lines 154--154
|  []  \OT1/lmss/m/n/5 ([])  
 []


Underfull \hbox (badness 10000) in paragraph at lines 154--154
[]
 []


Overfull \hbox (12.80365pt too wide) in paragraph at lines 154--154
[] 
 []


Overfull \hbox (10.63489pt too wide) has occurred while \output is active
|  []  \OT1/lmss/m/n/5 ([])  
 []


Overfull \hbox (1.77084pt too wide) has occurred while \output is active
[] 
 []

[17

]
Overfull \hbox (10.63489pt too wide) in paragraph at lines 184--184
|  []  \OT1/lmss/m/n/5 ([])  
 []


Underfull \hbox (badness 10000) in paragraph at lines 184--184
[]
 []


Overfull \hbox (12.80365pt too wide) in paragraph at lines 184--184
[] 
 []


Overfull \hbox (10.63489pt too wide) has occurred while \output is active
|  []  \OT1/lmss/m/n/5 ([])  
 []


Overfull \hbox (1.77084pt too wide) has occurred while \output is active
[] 
 []

[18

]
Overfull \hbox (10.63489pt too wide) in paragraph at lines 244--244
|  []  \OT1/lmss/m/n/5 ([])  
 []

LaTeX Font Info:    Trying to load font information for OT1+lmtt on input line 
244.
(/usr/local/texlive/2026basic/texmf-dist/tex/latex/lm/ot1lmtt.fd
File: ot1lmtt.fd 2015/05/01 v1.6.1 Font defs for Latin Modern
)
Underfull \hbox (badness 10000) in paragraph at lines 244--244
[]
 []


Overfull \hbox (12.80365pt too wide) in paragraph at lines 244--244
[] 
 []


Overfull \hbox (10.63489pt too wide) has occurred while \output is active
|  []  \OT1/lmss/m/n/5 ([])  
 []


Overfull \hbox (1.77084pt too wide) has occurred while \output is active
[] 
 []

[19

{/usr/local/texlive/2026basic/texmf-dist/fonts/enc/dvips/lm/lm-rmtt.enc}]
Overfull \hbox (10.63489pt too wide) in paragraph at lines 273--273
|  []  \OT1/lmss/m/n/5 ([])  
 []


Underfull \hbox (badness 10000) in paragraph at lines 273--273
[]
 []


Overfull \hbox (12.80365pt too wide) in paragraph at lines 273--273
[] 
 []


Overfull \hbox (10.63489pt too wide) has occurred while \output is active
|  []  \OT1/lmss/m/n/5 ([])  
 []


Overfull \hbox (1.77084pt too wide) has occurred while \output is active
[] 
 []

[20

]
Overfull \hbox (10.63489pt too wide) in paragraph at lines 310--310
|  []  \OT1/lmss/m/n/5 ([])  
 []


Underfull \hbox (badness 10000) in paragraph at lines 310--310
[]
 []


Overfull \hbox (12.80365pt too wide) in paragraph at lines 310--310
[] 
 []


Overfull \hbox (10.63489pt too wide) has occurred while \output is active
|  []  \OT1/lmss/m/n/5 ([])  
 []


Overfull \hbox (1.77084pt too wide) has occurred while \output is active
[] 
 []

[21

]
Overfull \hbox (10.63489pt too wide) in paragraph at lines 350--350
|  []  \OT1/lmss/m/n/5 ([])  
 []

LaTeX Font Info:    Font shape `OT1/lmss/bx/it' in size <10> not available
(Font)              Font shape `OT1/lmss/bx/sl' tried instead on input line 350
.
LaTeX Font Info:    Font shape `TS1/lmss/m/it' in size <7> not available
(Font)              Font shape `TS1/lmss/m/sl' tried instead on input line 350.


Underfull \hbox (badness 10000) in paragraph at lines 350--350
[]
 []


Overfull \hbox (12.80365pt too wide) in paragraph at lines 350--350
[] 
 []


Overfull \hbox (10.63489pt too wide) has occurred while \output is active
|  []  \OT1/lmss/m/n/5 ([])  
 []


Overfull \hbox (1.77084pt too wide) has occurred while \output is active
[] 
 []

[22

]
Overfull \hbox (10.63489pt too wide) in paragraph at lines 374--374
|  []  \OT1/lmss/m/n/5 ([])  
 []


Underfull \hbox (badness 10000) in paragraph at lines 374--374
[]
 []


Overfull \hbox (12.80365pt too wide) in paragraph at lines 374--374
[] 
 []


Overfull \hbox (10.63489pt too wide) has occurred while \output is active
|  []  \OT1/lmss/m/n/5 ([])  
 []


Overfull \hbox (1.77084pt too wide) has occurred while \output is active
[] 
 []

[23

]
Overfull \hbox (10.63489pt too wide) in paragraph at lines 402--402
|  []  \OT1/lmss/m/n/5 ([])  
 []


Underfull \hbox (badness 10000) in paragraph at lines 402--402
[]
 []


Overfull \hbox (12.80365pt too wide) in paragraph at lines 402--402
[] 
 []


Overfull \hbox (10.63489pt too wide) has occurred while \output is active
|  []  \OT1/lmss/m/n/5 ([])  
 []


Overfull \hbox (1.77084pt too wide) has occurred while \output is active
[] 
 []

[24

]
Overfull \hbox (10.63489pt too wide) in paragraph at lines 431--431
|  []  \OT1/lmss/m/n/5 ([])  
 []


Underfull \hbox (badness 10000) in paragraph at lines 431--431
[]
 []


Overfull \hbox (12.80365pt too wide) in paragraph at lines 431--431
[] 
 []


Overfull \hbox (10.63489pt too wide) has occurred while \output is active
|  []  \OT1/lmss/m/n/5 ([])  
 []


Overfull \hbox (1.77084pt too wide) has occurred while \output is active
[] 
 []

[25

]
Overfull \hbox (10.63489pt too wide) in paragraph at lines 444--444
|  []  \OT1/lmss/m/n/5 ([])  
 []

[26

])
\tf@nav=\write6
\openout6 = `plantillaMasterIA.nav'.

\tf@toc=\write7
\openout7 = `plantillaMasterIA.toc'.

\tf@snm=\write8
\openout8 = `plantillaMasterIA.snm'.

 (./plantillaMasterIA.aux)
 ***********
LaTeX2e <2025-11-01>
L3 programming layer <2026-01-19>
 ***********
Package rerunfilecheck Info: File `plantillaMasterIA.out' has not changed.
(rerunfilecheck)             Checksum: D97727FA521D5F2CDB09496043910324;426.
 ) 
Here is how much of TeX's memory you used:
 29766 strings out of 469006
 597673 string characters out of 5454813
 985675 words of memory out of 5000000
 57755 multiletter control sequences out of 15000+600000
 702486 words of font info for 97 fonts, out of 8000000 for 9000
 319 hyphenation exceptions out of 8191
 101i,14n,107p,396b,985s stack positions out of 10000i,1000n,20000p,200000b,200000s
</usr/local/texlive/2026basic/texmf-dist/fonts/type1/public/lm/lmcsc10.pfb></
usr/local/texlive/2026basic/texmf-dist/fonts/type1/public/lm/lmmi10.pfb></usr/l
ocal/texlive/2026basic/texmf-dist/fonts/type1/public/lm/lmmi12.pfb></usr/local/
texlive/2026basic/texmf-dist/fonts/type1/public/lm/lmmi9.pfb></usr/local/texliv
e/2026basic/texmf-dist/fonts/type1/public/lm/lmss10.pfb></usr/local/texlive/202
6basic/texmf-dist/fonts/type1/public/lm/lmss12.pfb></usr/local/texlive/2026basi
c/texmf-dist/fonts/type1/public/lm/lmss8.pfb></usr/local/texlive/2026basic/texm
f-dist/fonts/type1/public/lm/lmss9.pfb></usr/local/texlive/2026basic/texmf-dist
/fonts/type1/public/lm/lmssbo10.pfb></usr/local/texlive/2026basic/texmf-dist/fo
nts/type1/public/lm/lmssbx10.pfb></usr/local/texlive/2026basic/texmf-dist/fonts
/type1/public/lm/lmsso10.pfb></usr/local/texlive/2026basic/texmf-dist/fonts/typ
e1/public/lm/lmsso8.pfb></usr/local/texlive/2026basic/texmf-dist/fonts/type1/pu
blic/lm/lmsso9.pfb></usr/local/texlive/2026basic/texmf-dist/fonts/type1/public/
lm/lmsy10.pfb></usr/local/texlive/2026basic/texmf-dist/fonts/type1/public/lm/lm
sy7.pfb></usr/local/texlive/2026basic/texmf-dist/fonts/type1/public/lm/lmsy9.pf
b></usr/local/texlive/2026basic/texmf-dist/fonts/type1/public/lm/lmtt8.pfb></us
r/local/texlive/2026basic/texmf-dist/fonts/type1/public/amsfonts/symbols/msam10
.pfb></usr/local/texlive/2026basic/texmf-dist/fonts/type1/public/amsfonts/symbo
ls/msam7.pfb>
Output written on plantillaMasterIA.pdf (26 pages, 1104577 bytes).
PDF statistics:
 298 PDF objects out of 1000 (max. 8388607)
 215 compressed objects within 3 object streams
 57 named destinations out of 1000 (max. 500000)
 95 words of extra memory for PDF output out of 10000 (max. 10000000)

